0 info it worked if it ends with ok
1 verbose cli [ '/usr/local/bin/node', '/usr/local/bin/npm', 'run', 'app' ]
2 info using npm@3.10.10
3 info using node@v6.10.3
4 verbose run-script [ 'preapp', 'app', 'postapp' ]
5 info lifecycle etherium-basic@0.1.0~preapp: etherium-basic@0.1.0
6 silly lifecycle etherium-basic@0.1.0~preapp: no script for preapp, continuing
7 info lifecycle etherium-basic@0.1.0~app: etherium-basic@0.1.0
8 verbose lifecycle etherium-basic@0.1.0~app: unsafe-perm in lifecycle true
9 verbose lifecycle etherium-basic@0.1.0~app: PATH: /usr/local/lib/node_modules/npm/bin/node-gyp-bin:/Users/rubenchavarri/blockchain/ethereum/ethereum-basic/node_modules/.bin:/usr/local/bin:/usr/bin:/bin:/usr/sbin:/sbin
10 verbose lifecycle etherium-basic@0.1.0~app: CWD: /Users/rubenchavarri/blockchain/ethereum/ethereum-basic
11 silly lifecycle etherium-basic@0.1.0~app: Args: [ '-c', 'node app.js' ]
12 silly lifecycle etherium-basic@0.1.0~app: Returned: code: 7  signal: null
13 info lifecycle etherium-basic@0.1.0~app: Failed to exec app script
14 verbose stack Error: etherium-basic@0.1.0 app: `node app.js`
14 verbose stack Exit status 7
14 verbose stack     at EventEmitter.<anonymous> (/usr/local/lib/node_modules/npm/lib/utils/lifecycle.js:255:16)
14 verbose stack     at emitTwo (events.js:106:13)
14 verbose stack     at EventEmitter.emit (events.js:191:7)
14 verbose stack     at ChildProcess.<anonymous> (/usr/local/lib/node_modules/npm/lib/utils/spawn.js:40:14)
14 verbose stack     at emitTwo (events.js:106:13)
14 verbose stack     at ChildProcess.emit (events.js:191:7)
14 verbose stack     at maybeClose (internal/child_process.js:886:16)
14 verbose stack     at Process.ChildProcess._handle.onexit (internal/child_process.js:226:5)
15 verbose pkgid etherium-basic@0.1.0
16 verbose cwd /Users/rubenchavarri/blockchain/ethereum/ethereum-basic
17 error Darwin 16.7.0
18 error argv "/usr/local/bin/node" "/usr/local/bin/npm" "run" "app"
19 error node v6.10.3
20 error npm  v3.10.10
21 error code ELIFECYCLE
22 error etherium-basic@0.1.0 app: `node app.js`
22 error Exit status 7
23 error Failed at the etherium-basic@0.1.0 app script 'node app.js'.
23 error Make sure you have the latest version of node.js and npm installed.
23 error If you do, this is most likely a problem with the etherium-basic package,
23 error not with npm itself.
23 error Tell the author that this fails on your system:
23 error     node app.js
23 error You can get information on how to open an issue for this project with:
23 error     npm bugs etherium-basic
23 error Or if that isn't available, you can get their info via:
23 error     npm owner ls etherium-basic
23 error There is likely additional logging output above.
24 verbose exit [ 1, true ]
